<?xml version="1.0" encoding="utf-8"?><testsuites><testsuite name="pytest" errors="0" failures="0" skipped="0" tests="3" time="42.839" timestamp="2023-06-12T18:30:09.063074" hostname="DESKTOP-9QS7ND0"><testcase classname="test_HomePage.TestHomePage" name="test_form_submission[getdata0]" time="24.142" /><testcase classname="test_HomePage.TestHomePage" name="test_form_submission[getdata1]" time="1.145" /><testcase classname="test_e2e.TestOne" name="test_e2e" time="17.264" /></testsuite></testsuites>